{
  "RSpec": {
    "coverage": {
      "/Users/jessicaleung/Desktop/Learn2Programme/MAKERS_course/week10/bank_tech_test/spec/account_spec.rb": [
        null,
        null,
        1,
        null,
        1,
        7,
        null,
        1,
        1,
        null,
        null,
        1,
        1,
        4,
        null,
        null,
        1,
        1,
        4,
        null,
        null,
        1,
        1,
        1,
        1,
        1,
        1,
        null,
        1,
        1,
        1,
        1,
        1,
        1,
        null,
        null,
        null,
        1,
        1,
        1,
        1,
        1,
        1,
        1,
        1,
        1,
        1,
        null,
        null,
        null,
        null,
        null,
        null,
        null
      ],
      "/Users/jessicaleung/Desktop/Learn2Programme/MAKERS_course/week10/bank_tech_test/lib/account.rb": [
        null,
        null,
        1,
        1,
        1,
        null,
        1,
        6,
        6,
        null,
        null,
        1,
        5,
        5,
        5,
        5,
        5,
        null,
        null,
        1,
        2,
        2,
        2,
        2,
        2,
        null,
        null,
        1,
        7,
        null,
        null,
        1,
        1,
        1,
        1,
        null,
        null,
        null,
        1,
        null,
        1,
        1,
        null,
        null
      ],
      "/Users/jessicaleung/Desktop/Learn2Programme/MAKERS_course/week10/bank_tech_test/lib/statement.rb": [
        null,
        null,
        1,
        1,
        null,
        1,
        null,
        1,
        11,
        11,
        11,
        11,
        null,
        null
      ],
      "/Users/jessicaleung/Desktop/Learn2Programme/MAKERS_course/week10/bank_tech_test/spec/statement_spec.rb": [
        null,
        null,
        1,
        null,
        1,
        1,
        4,
        4,
        4,
        4,
        null,
        1,
        1,
        null,
        null,
        1,
        1,
        1,
        null,
        null,
        1,
        1,
        null,
        null,
        1,
        1,
        null,
        null,
        null
      ]
    },
    "timestamp": 1552391495
  }
}
